app/build/intermediates/manifest_merge_blame_file/debug/processDebugMainManifest/manifest-merger-blame-debug-report.txt
1<?xml version="1.0" encoding="utf-8"?>
2<manifest xmlns:android="http://schemas.android.com/apk/res/android"
3    package="com.ezio.unishare"
4    android:versionCode="1"
5    android:versionName="1.0" >
6
7    <uses-sdk
8        android:minSdkVersion="26"
9        android:targetSdkVersion="34" />
10
11    <uses-permission android:name="android.permission.INTERNET" />
11-->[com.google.firebase:firebase-auth:22.3.1] AndroidManifest.xml:25:5-67
11-->[com.google.firebase:firebase-auth:22.3.1] AndroidManifest.xml:25:22-64
12    <uses-permission android:name="android.permission.ACCESS_NETWORK_STATE" />
12-->[com.google.firebase:firebase-auth:22.3.1] AndroidManifest.xml:26:5-79
12-->[com.google.firebase:firebase-auth:22.3.1] AndroidManifest.xml:26:22-76
13    <uses-permission android:name="com.google.android.providers.gsf.permission.READ_GSERVICES" />
13-->[com.google.android.recaptcha:recaptcha:18.4.0] AndroidManifest.xml:9:5-98
13-->[com.google.android.recaptcha:recaptcha:18.4.0] AndroidManifest.xml:9:22-95
14
15    <permission
15-->[androidx.core:core:1.12.0] AndroidManifest.xml:22:5-24:47
16        android:name="com.ezio.unishare.DYNAMIC_RECEIVER_NOT_EXPORTED_PERMISSION"
16-->[androidx.core:core:1.12.0] AndroidManifest.xml:23:9-81
17        android:protectionLevel="signature" />
17-->[androidx.core:core:1.12.0] AndroidManifest.xml:24:9-44
18
19    <uses-permission android:name="com.ezio.unishare.DYNAMIC_RECEIVER_NOT_EXPORTED_PERMISSION" />
19-->[androidx.core:core:1.12.0] AndroidManifest.xml:26:5-97
19-->[androidx.core:core:1.12.0] AndroidManifest.xml:26:22-94
20
21    <application
21-->src\main\AndroidManifest.xml:3:5-49:19
22        android:allowBackup="true"
22-->src\main\AndroidManifest.xml:4:9-35
23        android:appComponentFactory="androidx.core.app.CoreComponentFactory"
23-->[androidx.core:core:1.12.0] AndroidManifest.xml:28:18-86
24        android:debuggable="true"
25        android:extractNativeLibs="false"
26        android:icon="@mipmap/ic_launcher"
26-->src\main\AndroidManifest.xml:5:9-43
27        android:label="@string/app_name"
27-->src\main\AndroidManifest.xml:6:9-41
28        android:roundIcon="@mipmap/ic_launcher_round"
28-->src\main\AndroidManifest.xml:7:9-54
29        android:supportsRtl="true"
29-->src\main\AndroidManifest.xml:8:9-35
30        android:testOnly="true"
31        android:theme="@style/Theme.PeerRentApp.ForceLight" >
31-->src\main\AndroidManifest.xml:9:9-60
32        <activity android:name="com.ezio.unishare.SetNewPasswordActivity" />
32-->src\main\AndroidManifest.xml:11:9-60
32-->src\main\AndroidManifest.xml:11:19-57
33        <activity
33-->src\main\AndroidManifest.xml:13:9-21:20
34            android:name="com.ezio.unishare.SplashActivity"
34-->src\main\AndroidManifest.xml:14:13-43
35            android:exported="true"
35-->src\main\AndroidManifest.xml:15:13-36
36            android:theme="@style/Theme.PeerRentApp.ForceLight" >
36-->src\main\AndroidManifest.xml:16:13-64
37            <intent-filter>
37-->src\main\AndroidManifest.xml:17:13-20:29
38                <action android:name="android.intent.action.MAIN" />
38-->src\main\AndroidManifest.xml:18:17-69
38-->src\main\AndroidManifest.xml:18:25-66
39
40                <category android:name="android.intent.category.LAUNCHER" />
40-->src\main\AndroidManifest.xml:19:17-77
40-->src\main\AndroidManifest.xml:19:27-74
41            </intent-filter>
42        </activity>
43        <activity
43-->src\main\AndroidManifest.xml:23:9-26:67
44            android:name="com.ezio.unishare.MainActivity"
44-->src\main\AndroidManifest.xml:24:13-41
45            android:exported="false"
45-->src\main\AndroidManifest.xml:25:13-37
46            android:theme="@style/Theme.PeerRentApp.ForceLight" />
46-->src\main\AndroidManifest.xml:26:13-64
47        <activity
47-->src\main\AndroidManifest.xml:28:9-31:67
48            android:name="com.ezio.unishare.CreateAccountActivity"
48-->src\main\AndroidManifest.xml:29:13-50
49            android:exported="false"
49-->src\main\AndroidManifest.xml:30:13-37
50            android:theme="@style/Theme.PeerRentApp.ForceLight" />
50-->src\main\AndroidManifest.xml:31:13-64
51        <activity
51-->src\main\AndroidManifest.xml:33:9-36:67
52            android:name="com.ezio.unishare.ForgetActivity"
52-->src\main\AndroidManifest.xml:34:13-43
53            android:exported="false"
53-->src\main\AndroidManifest.xml:35:13-37
54            android:theme="@style/Theme.PeerRentApp.ForceLight" />
54-->src\main\AndroidManifest.xml:36:13-64
55        <activity
55-->src\main\AndroidManifest.xml:38:9-41:67
56            android:name="com.ezio.unishare.OtpVerificationActivity"
56-->src\main\AndroidManifest.xml:39:13-52
57            android:exported="false"
57-->src\main\AndroidManifest.xml:40:13-37
58            android:theme="@style/Theme.PeerRentApp.ForceLight" />
58-->src\main\AndroidManifest.xml:41:13-64
59
60        <!-- Add HomeActivity -->
61        <activity
61-->src\main\AndroidManifest.xml:44:9-47:67
62            android:name="com.ezio.unishare.HomeActivity"
62-->src\main\AndroidManifest.xml:45:13-41
63            android:exported="true"
63-->src\main\AndroidManifest.xml:46:13-36
64            android:theme="@style/Theme.PeerRentApp.ForceLight" />
64-->src\main\AndroidManifest.xml:47:13-64
65        <activity
65-->[com.google.firebase:firebase-auth:22.3.1] AndroidManifest.xml:29:9-46:20
66            android:name="com.google.firebase.auth.internal.GenericIdpActivity"
66-->[com.google.firebase:firebase-auth:22.3.1] AndroidManifest.xml:30:13-80
67            android:excludeFromRecents="true"
67-->[com.google.firebase:firebase-auth:22.3.1] AndroidManifest.xml:31:13-46
68            android:exported="true"
68-->[com.google.firebase:firebase-auth:22.3.1] AndroidManifest.xml:32:13-36
69            android:launchMode="singleTask"
69-->[com.google.firebase:firebase-auth:22.3.1] AndroidManifest.xml:33:13-44
70            android:theme="@android:style/Theme.Translucent.NoTitleBar" >
70-->[com.google.firebase:firebase-auth:22.3.1] AndroidManifest.xml:34:13-72
71            <intent-filter>
71-->[com.google.firebase:firebase-auth:22.3.1] AndroidManifest.xml:35:13-45:29
72                <action android:name="android.intent.action.VIEW" />
72-->[com.google.firebase:firebase-auth:22.3.1] AndroidManifest.xml:36:17-69
72-->[com.google.firebase:firebase-auth:22.3.1] AndroidManifest.xml:36:25-66
73
74                <category android:name="android.intent.category.DEFAULT" />
74-->[com.google.firebase:firebase-auth:22.3.1] AndroidManifest.xml:38:17-76
74-->[com.google.firebase:firebase-auth:22.3.1] AndroidManifest.xml:38:27-73
75                <category android:name="android.intent.category.BROWSABLE" />
75-->[com.google.firebase:firebase-auth:22.3.1] AndroidManifest.xml:39:17-78
75-->[com.google.firebase:firebase-auth:22.3.1] AndroidManifest.xml:39:27-75
76
77                <data
77-->[com.google.firebase:firebase-auth:22.3.1] AndroidManifest.xml:41:17-44:51
78                    android:host="firebase.auth"
78-->[com.google.firebase:firebase-auth:22.3.1] AndroidManifest.xml:42:21-49
79                    android:path="/"
79-->[com.google.firebase:firebase-auth:22.3.1] AndroidManifest.xml:43:21-37
80                    android:scheme="genericidp" />
80-->[com.google.firebase:firebase-auth:22.3.1] AndroidManifest.xml:44:21-48
81            </intent-filter>
82        </activity>
83        <activity
83-->[com.google.firebase:firebase-auth:22.3.1] AndroidManifest.xml:47:9-64:20
84            android:name="com.google.firebase.auth.internal.RecaptchaActivity"
84-->[com.google.firebase:firebase-auth:22.3.1] AndroidManifest.xml:48:13-79
85            android:excludeFromRecents="true"
85-->[com.google.firebase:firebase-auth:22.3.1] AndroidManifest.xml:49:13-46
86            android:exported="true"
86-->[com.google.firebase:firebase-auth:22.3.1] AndroidManifest.xml:50:13-36
87            android:launchMode="singleTask"
87-->[com.google.firebase:firebase-auth:22.3.1] AndroidManifest.xml:51:13-44
88            android:theme="@android:style/Theme.Translucent.NoTitleBar" >
88-->[com.google.firebase:firebase-auth:22.3.1] AndroidManifest.xml:52:13-72
89            <intent-filter>
89-->[com.google.firebase:firebase-auth:22.3.1] AndroidManifest.xml:53:13-63:29
90                <action android:name="android.intent.action.VIEW" />
90-->[com.google.firebase:firebase-auth:22.3.1] AndroidManifest.xml:36:17-69
90-->[com.google.firebase:firebase-auth:22.3.1] AndroidManifest.xml:36:25-66
91
92                <category android:name="android.intent.category.DEFAULT" />
92-->[com.google.firebase:firebase-auth:22.3.1] AndroidManifest.xml:38:17-76
92-->[com.google.firebase:firebase-auth:22.3.1] AndroidManifest.xml:38:27-73
93                <category android:name="android.intent.category.BROWSABLE" />
93-->[com.google.firebase:firebase-auth:22.3.1] AndroidManifest.xml:39:17-78
93-->[com.google.firebase:firebase-auth:22.3.1] AndroidManifest.xml:39:27-75
94
95                <data
95-->[com.google.firebase:firebase-auth:22.3.1] AndroidManifest.xml:41:17-44:51
96                    android:host="firebase.auth"
96-->[com.google.firebase:firebase-auth:22.3.1] AndroidManifest.xml:42:21-49
97                    android:path="/"
97-->[com.google.firebase:firebase-auth:22.3.1] AndroidManifest.xml:43:21-37
98                    android:scheme="recaptcha" />
98-->[com.google.firebase:firebase-auth:22.3.1] AndroidManifest.xml:44:21-48
99            </intent-filter>
100        </activity>
101
102        <service
102-->[com.google.firebase:firebase-auth:22.3.1] AndroidManifest.xml:66:9-72:19
103            android:name="com.google.firebase.components.ComponentDiscoveryService"
103-->[com.google.firebase:firebase-auth:22.3.1] AndroidManifest.xml:67:13-84
104            android:directBootAware="true"
104-->[com.google.firebase:firebase-common:20.4.2] AndroidManifest.xml:32:13-43
105            android:exported="false" >
105-->[com.google.firebase:firebase-auth:22.3.1] AndroidManifest.xml:68:13-37
106            <meta-data
106-->[com.google.firebase:firebase-auth:22.3.1] AndroidManifest.xml:69:13-71:85
107                android:name="com.google.firebase.components:com.google.firebase.auth.FirebaseAuthRegistrar"
107-->[com.google.firebase:firebase-auth:22.3.1] AndroidManifest.xml:70:17-109
108                android:value="com.google.firebase.components.ComponentRegistrar" />
108-->[com.google.firebase:firebase-auth:22.3.1] AndroidManifest.xml:71:17-82
109            <meta-data
109-->[com.google.firebase:firebase-firestore:24.10.3] AndroidManifest.xml:17:13-19:85
110                android:name="com.google.firebase.components:com.google.firebase.firestore.FirebaseFirestoreKtxRegistrar"
110-->[com.google.firebase:firebase-firestore:24.10.3] AndroidManifest.xml:18:17-122
111                android:value="com.google.firebase.components.ComponentRegistrar" />
111-->[com.google.firebase:firebase-firestore:24.10.3] AndroidManifest.xml:19:17-82
112            <meta-data
112-->[com.google.firebase:firebase-firestore:24.10.3] AndroidManifest.xml:20:13-22:85
113                android:name="com.google.firebase.components:com.google.firebase.firestore.FirestoreRegistrar"
113-->[com.google.firebase:firebase-firestore:24.10.3] AndroidManifest.xml:21:17-111
114                android:value="com.google.firebase.components.ComponentRegistrar" />
114-->[com.google.firebase:firebase-firestore:24.10.3] AndroidManifest.xml:22:17-82
115            <meta-data
115-->[com.google.firebase:firebase-database:20.3.1] AndroidManifest.xml:29:13-31:85
116                android:name="com.google.firebase.components:com.google.firebase.database.FirebaseDatabaseKtxRegistrar"
116-->[com.google.firebase:firebase-database:20.3.1] AndroidManifest.xml:30:17-120
117                android:value="com.google.firebase.components.ComponentRegistrar" />
117-->[com.google.firebase:firebase-database:20.3.1] AndroidManifest.xml:31:17-82
118            <meta-data
118-->[com.google.firebase:firebase-database:20.3.1] AndroidManifest.xml:32:13-34:85
119                android:name="com.google.firebase.components:com.google.firebase.database.DatabaseRegistrar"
119-->[com.google.firebase:firebase-database:20.3.1] AndroidManifest.xml:33:17-109
120                android:value="com.google.firebase.components.ComponentRegistrar" />
120-->[com.google.firebase:firebase-database:20.3.1] AndroidManifest.xml:34:17-82
121            <meta-data
121-->[com.google.firebase:firebase-common-ktx:20.4.2] AndroidManifest.xml:12:13-14:85
122                android:name="com.google.firebase.components:com.google.firebase.ktx.FirebaseCommonLegacyRegistrar"
122-->[com.google.firebase:firebase-common-ktx:20.4.2] AndroidManifest.xml:13:17-116
123                android:value="com.google.firebase.components.ComponentRegistrar" />
123-->[com.google.firebase:firebase-common-ktx:20.4.2] AndroidManifest.xml:14:17-82
124            <meta-data
124-->[com.google.firebase:firebase-common:20.4.2] AndroidManifest.xml:35:13-37:85
125                android:name="com.google.firebase.components:com.google.firebase.FirebaseCommonKtxRegistrar"
125-->[com.google.firebase:firebase-common:20.4.2] AndroidManifest.xml:36:17-109
126                android:value="com.google.firebase.components.ComponentRegistrar" />
126-->[com.google.firebase:firebase-common:20.4.2] AndroidManifest.xml:37:17-82
127        </service>
128
129        <activity
129-->[com.google.android.gms:play-services-base:18.1.0] AndroidManifest.xml:20:9-22:45
130            android:name="com.google.android.gms.common.api.GoogleApiActivity"
130-->[com.google.android.gms:play-services-base:18.1.0] AndroidManifest.xml:20:19-85
131            android:exported="false"
131-->[com.google.android.gms:play-services-base:18.1.0] AndroidManifest.xml:22:19-43
132            android:theme="@android:style/Theme.Translucent.NoTitleBar" />
132-->[com.google.android.gms:play-services-base:18.1.0] AndroidManifest.xml:21:19-78
133
134        <provider
134-->[com.google.firebase:firebase-common:20.4.2] AndroidManifest.xml:23:9-28:39
135            android:name="com.google.firebase.provider.FirebaseInitProvider"
135-->[com.google.firebase:firebase-common:20.4.2] AndroidManifest.xml:24:13-77
136            android:authorities="com.ezio.unishare.firebaseinitprovider"
136-->[com.google.firebase:firebase-common:20.4.2] AndroidManifest.xml:25:13-72
137            android:directBootAware="true"
137-->[com.google.firebase:firebase-common:20.4.2] AndroidManifest.xml:26:13-43
138            android:exported="false"
138-->[com.google.firebase:firebase-common:20.4.2] AndroidManifest.xml:27:13-37
139            android:initOrder="100" />
139-->[com.google.firebase:firebase-common:20.4.2] AndroidManifest.xml:28:13-36
140        <provider
140-->[androidx.emoji2:emoji2:1.3.0] AndroidManifest.xml:24:9-32:20
141            android:name="androidx.startup.InitializationProvider"
141-->[androidx.emoji2:emoji2:1.3.0] AndroidManifest.xml:25:13-67
142            android:authorities="com.ezio.unishare.androidx-startup"
142-->[androidx.emoji2:emoji2:1.3.0] AndroidManifest.xml:26:13-68
143            android:exported="false" >
143-->[androidx.emoji2:emoji2:1.3.0] AndroidManifest.xml:27:13-37
144            <meta-data
144-->[androidx.emoji2:emoji2:1.3.0] AndroidManifest.xml:29:13-31:52
145                android:name="androidx.emoji2.text.EmojiCompatInitializer"
145-->[androidx.emoji2:emoji2:1.3.0] AndroidManifest.xml:30:17-75
146                android:value="androidx.startup" />
146-->[androidx.emoji2:emoji2:1.3.0] AndroidManifest.xml:31:17-49
147            <meta-data
147-->[androidx.lifecycle:lifecycle-process:2.7.0] AndroidManifest.xml:29:13-31:52
148                android:name="androidx.lifecycle.ProcessLifecycleInitializer"
148-->[androidx.lifecycle:lifecycle-process:2.7.0] AndroidManifest.xml:30:17-78
149                android:value="androidx.startup" />
149-->[androidx.lifecycle:lifecycle-process:2.7.0] AndroidManifest.xml:31:17-49
150            <meta-data
150-->[androidx.profileinstaller:profileinstaller:1.3.1] AndroidManifest.xml:29:13-31:52
151                android:name="androidx.profileinstaller.ProfileInstallerInitializer"
151-->[androidx.profileinstaller:profileinstaller:1.3.1] AndroidManifest.xml:30:17-85
152                android:value="androidx.startup" />
152-->[androidx.profileinstaller:profileinstaller:1.3.1] AndroidManifest.xml:31:17-49
153        </provider>
154
155        <meta-data
155-->[com.google.android.gms:play-services-basement:18.3.0] AndroidManifest.xml:21:9-23:69
156            android:name="com.google.android.gms.version"
156-->[com.google.android.gms:play-services-basement:18.3.0] AndroidManifest.xml:22:13-58
157            android:value="@integer/google_play_services_version" />
157-->[com.google.android.gms:play-services-basement:18.3.0] AndroidManifest.xml:23:13-66
158
159        <receiver
159-->[androidx.profileinstaller:profileinstaller:1.3.1] AndroidManifest.xml:34:9-52:20
160            android:name="androidx.profileinstaller.ProfileInstallReceiver"
160-->[androidx.profileinstaller:profileinstaller:1.3.1] AndroidManifest.xml:35:13-76
161            android:directBootAware="false"
161-->[androidx.profileinstaller:profileinstaller:1.3.1] AndroidManifest.xml:36:13-44
162            android:enabled="true"
162-->[androidx.profileinstaller:profileinstaller:1.3.1] AndroidManifest.xml:37:13-35
163            android:exported="true"
163-->[androidx.profileinstaller:profileinstaller:1.3.1] AndroidManifest.xml:38:13-36
164            android:permission="android.permission.DUMP" >
164-->[androidx.profileinstaller:profileinstaller:1.3.1] AndroidManifest.xml:39:13-57
165            <intent-filter>
165-->[androidx.profileinstaller:profileinstaller:1.3.1] AndroidManifest.xml:40:13-42:29
166                <action android:name="androidx.profileinstaller.action.INSTALL_PROFILE" />
166-->[androidx.profileinstaller:profileinstaller:1.3.1] AndroidManifest.xml:41:17-91
166-->[androidx.profileinstaller:profileinstaller:1.3.1] AndroidManifest.xml:41:25-88
167            </intent-filter>
168            <intent-filter>
168-->[androidx.profileinstaller:profileinstaller:1.3.1] AndroidManifest.xml:43:13-45:29
169                <action android:name="androidx.profileinstaller.action.SKIP_FILE" />
169-->[androidx.profileinstaller:profileinstaller:1.3.1] AndroidManifest.xml:44:17-85
169-->[androidx.profileinstaller:profileinstaller:1.3.1] AndroidManifest.xml:44:25-82
170            </intent-filter>
171            <intent-filter>
171-->[androidx.profileinstaller:profileinstaller:1.3.1] AndroidManifest.xml:46:13-48:29
172                <action android:name="androidx.profileinstaller.action.SAVE_PROFILE" />
172-->[androidx.profileinstaller:profileinstaller:1.3.1] AndroidManifest.xml:47:17-88
172-->[androidx.profileinstaller:profileinstaller:1.3.1] AndroidManifest.xml:47:25-85
173            </intent-filter>
174            <intent-filter>
174-->[androidx.profileinstaller:profileinstaller:1.3.1] AndroidManifest.xml:49:13-51:29
175                <action android:name="androidx.profileinstaller.action.BENCHMARK_OPERATION" />
175-->[androidx.profileinstaller:profileinstaller:1.3.1] AndroidManifest.xml:50:17-95
175-->[androidx.profileinstaller:profileinstaller:1.3.1] AndroidManifest.xml:50:25-92
176            </intent-filter>
177        </receiver>
178    </application>
179
180</manifest>